/Users/black/Library/Java/JavaVirtualMachines/corretto-21.0.3/Contents/Home/bin/java -agentlib:jdwp=transport=dt_socket,address=127.0.0.1:54071,suspend=y,server=n -XX:TieredStopAtLevel=1 -Dspring.profiles.active=dev -Dspring.output.ansi.enabled=always -Dcom.sun.management.jmxremote -Dspring.jmx.enabled=true -Dspring.liveBeansView.mbeanDomain -Dspring.application.admin.enabled=true -Dmanagement.endpoints.jmx.exposure.include=* -Dfile.encoding=UTF-8 -Dsun.stdout.encoding=UTF-8 -Dsun.stderr.encoding=UTF-8 -classpath /Users/black/IdeaProjects/jedi-spring-labs/build/classes/java/main:/Users/black/IdeaProjects/jedi-spring-labs/build/resources/main:/Users/black/.gradle/caches/modules-2/files-2.1/org.projectlombok/lombok/1.18.30/f195ee86e6c896ea47a1d39defbe20eb59cd149d/lombok-1.18.30.jar:/Users/black/.gradle/caches/modules-2/files-2.1/org.springframework.boot/spring-boot-starter-data-jpa/3.2.4/d8c5f393d9b18d96021b3e02d80e4356c5cbe0f7/spring-boot-starter-data-jpa-3.2.4.jar:/Users/black/.gradle/caches/modules-2/files-2.1/org.springframework.boot/spring-boot-starter-web/3.2.4/a74df12b71060da7c8e87f9a8c2ef4ea43fc8017/spring-boot-starter-web-3.2.4.jar:/Users/black/.gradle/caches/modules-2/files-2.1/org.springframework.boot/spring-boot-starter-actuator/3.2.4/a26cd0ab56f912d2aa44504042af06f15d3d1a80/spring-boot-starter-actuator-3.2.4.jar:/Users/black/.gradle/caches/modules-2/files-2.1/org.springframework.boot/spring-boot-starter-validation/3.2.4/5f43697d1f24a19414bcaec3733dab5b6c24d1da/spring-boot-starter-validation-3.2.4.jar:/Users/black/.gradle/caches/modules-2/files-2.1/org.springframework.boot/spring-boot-starter-thymeleaf/3.2.4/db900acbd0bbeb7a8682fe6aeb477d17fe501ac1/spring-boot-starter-thymeleaf-3.2.4.jar:/Users/black/.gradle/caches/modules-2/files-2.1/com.squareup.retrofit2/converter-gson/2.10.0/e67f81a4a7a7b125fc600e003cc2f601902b28e2/converter-gson-2.10.0.jar:/Users/black/.gradle/caches/modules-2/files-2.1/com.google.code.gson/gson/2.10.1/b3add478d4382b78ea20b1671390a858002feb6c/gson-2.10.1.jar:/Users/black/.gradle/caches/modules-2/files-2.1/com.squareup.retrofit2/converter-jackson/2.10.0/d23cd82ccadc08f4024af84f67b0b87b4bb52dc2/converter-jackson-2.10.0.jar:/Users/black/.gradle/caches/modules-2/files-2.1/com.squareup.retrofit2/retrofit/2.10.0/22d2236f6dde8773c3617062be43910f2aec97c5/retrofit-2.10.0.jar:/Users/black/.gradle/caches/modules-2/files-2.1/com.fasterxml.jackson.datatype/jackson-datatype-jsr310/2.10.0/946bcb4b3ba9facfb338b1d48c2606225205a70c/jackson-datatype-jsr310-2.10.0.jar:/Users/black/.gradle/caches/modules-2/files-2.1/org.springframework.boot/spring-boot-starter-aop/3.2.4/11aedc0a23c43947608f2122eed08eabe5e2994c/spring-boot-starter-aop-3.2.4.jar:/Users/black/.gradle/caches/modules-2/files-2.1/org.springframework.boot/spring-boot-starter-jdbc/3.2.4/7dd399e7ba19d62cae32be6e20edac37ff8fcbc0/spring-boot-starter-jdbc-3.2.4.jar:/Users/black/.gradle/caches/modules-2/files-2.1/org.hibernate.orm/hibernate-core/6.4.4.Final/5c9decb3c5a70bf7801d41fc32633416c26be069/hibernate-core-6.4.4.Final.jar:/Users/black/.gradle/caches/modules-2/files-2.1/org.springframework.data/spring-data-jpa/3.2.4/1932f90c487999575b57ad41986de96c8ebf5843/spring-data-jpa-3.2.4.jar:/Users/black/.gradle/caches/modules-2/files-2.1/org.springframework/spring-aspects/6.1.5/202d9da55e24fec2eda80bbc3cd87fbefc0e1256/spring-aspects-6.1.5.jar:/Users/black/.gradle/caches/modules-2/files-2.1/org.springframework.boot/spring-boot-starter-json/3.2.4/ef3f72369ce7f6f7a7b02c0b23e60ef5bdf581b1/spring-boot-starter-json-3.2.4.jar:/Users/black/.gradle/caches/modules-2/files-2.1/org.springframework.boot/spring-boot-starter/3.2.4/842cf7f0ed2ecfef3011f3191fc53c59ceed752/spring-boot-starter-3.2.4.jar:/Users/black/.gradle/caches/modules-2/files-2.1/org.springframework.boot/spring-boot-starter-tomcat/3.2.4/ffa632eeaaf1a4e807ec4bbcc1938f7d43096472/spring-boot-starter-tomcat-3.2.4.jar:/Users/black/.gradle/caches/modules-2/files-2.1/org.springframework/spring-webmvc/6.1.5/92809fce136e0b662dc9325529443386ba5ec2c6/spring-webmvc-6.1.5.jar:/Users/black/.gradle/caches/modules-2/files-2.1/org.springframework/spring-web/6.1.5/4f4e92cc52ee33260f1ee0cdc7b7a2f22d49708c/spring-web-6.1.5.jar:/Users/black/.gradle/caches/modules-2/files-2.1/org.springframework.boot/spring-boot-actuator-autoconfigure/3.2.4/fc5d94aa9b147786d60379f7365cb4bf6766cdad/spring-boot-actuator-autoconfigure-3.2.4.jar:/Users/black/.gradle/caches/modules-2/files-2.1/io.micrometer/micrometer-jakarta9/1.12.4/354b0798834e415a64f16125e27a1a7e5dc0aee4/micrometer-jakarta9-1.12.4.jar:/Users/black/.gradle/caches/modules-2/files-2.1/io.micrometer/micrometer-observation/1.12.4/492deebbd9b8ab23f588428f66578e21af266e01/micrometer-observation-1.12.4.jar:/Users/black/.gradle/caches/modules-2/files-2.1/org.apache.tomcat.embed/tomcat-embed-el/10.1.19/c61a582c391aca130884a5421deedfe1a96c7415/tomcat-embed-el-10.1.19.jar:/Users/black/.gradle/caches/modules-2/files-2.1/org.hibernate.validator/hibernate-validator/8.0.1.Final/e49e116b3d3928060599b176b3538bb848718e95/hibernate-validator-8.0.1.Final.jar:/Users/black/.gradle/caches/modules-2/files-2.1/org.thymeleaf/thymeleaf-spring6/3.1.2.RELEASE/6030c7b4e260c41336f378e53da6e8531263f24b/thymeleaf-spring6-3.1.2.RELEASE.jar:/Users/black/.gradle/caches/modules-2/files-2.1/com.fasterxml.jackson.core/jackson-databind/2.15.4/560309fc381f77d4d15c4a4cdaa0db5025c4fd13/jackson-databind-2.15.4.jar:/Users/black/.gradle/caches/modules-2/files-2.1/com.squareup.okhttp3/okhttp/4.12.0/2f4525d4a200e97e1b87449c2cd9bd2e25b7e8cd/okhttp-4.12.0.jar:/Users/black/.gradle/caches/modules-2/files-2.1/com.fasterxml.jackson.core/jackson-annotations/2.15.4/5223ea5a9bf52cdc9c5e537a0e52f2432eaf208b/jackson-annotations-2.15.4.jar:/Users/black/.gradle/caches/modules-2/files-2.1/com.fasterxml.jackson.core/jackson-core/2.15.4/aebe84b45360debad94f692a4074c6aceb535fa0/jackson-core-2.15.4.jar:/Users/black/.gradle/caches/modules-2/files-2.1/org.springframework/spring-aop/6.1.5/a4f596bd3c55b6cec93f0e2e7245dd0bab8afec3/spring-aop-6.1.5.jar:/Users/black/.gradle/caches/modules-2/files-2.1/org.aspectj/aspectjweaver/1.9.21/beaabaea95c7f3330f415c72ee0ffe79b51d172f/aspectjweaver-1.9.21.jar:/Users/black/.gradle/caches/modules-2/files-2.1/com.zaxxer/HikariCP/5.0.1/a74c7f0a37046846e88d54f7cb6ea6d565c65f9c/HikariCP-5.0.1.jar:/Users/black/.gradle/caches/modules-2/files-2.1/org.springframework/spring-jdbc/6.1.5/e8617dcddd3377c809b3e62c325fcb923163cb20/spring-jdbc-6.1.5.jar:/Users/black/.gradle/caches/modules-2/files-2.1/jakarta.persistence/jakarta.persistence-api/3.1.0/66901fa1c373c6aff65c13791cc11da72060a8d6/jakarta.persistence-api-3.1.0.jar:/Users/black/.gradle/caches/modules-2/files-2.1/jakarta.transaction/jakarta.transaction-api/2.0.1/51a520e3fae406abb84e2e1148e6746ce3f80a1a/jakarta.transaction-api-2.0.1.jar:/Users/black/.gradle/caches/modules-2/files-2.1/org.springframework/spring-context/6.1.5/735d1bd7372d7c53e7b31b4a9c980ce2e0b26424/spring-context-6.1.5.jar:/Users/black/.gradle/caches/modules-2/files-2.1/org.springframework/spring-orm/6.1.5/d2dc2b996680fcc8ae5aea294f0ce6bda5577c7c/spring-orm-6.1.5.jar:/Users/black/.gradle/caches/modules-2/files-2.1/org.springframework.data/spring-data-commons/3.2.4/c934470822afb9f0751915b229d6fe28ff5e1ac2/spring-data-commons-3.2.4.jar:/Users/black/.gradle/caches/modules-2/files-2.1/org.springframework/spring-tx/6.1.5/90e95f4c3e30f9ecaef6ba53186ed21afebba618/spring-tx-6.1.5.jar:/Users/black/.gradle/caches/modules-2/files-2.1/org.springframework/spring-beans/6.1.5/9ae967f467281c9bb977585ef4d5ea7351704d60/spring-beans-6.1.5.jar:/Users/black/.gradle/caches/modules-2/files-2.1/org.springframework/spring-core/6.1.5/6dae1b06ffacbb9abab636be2dbc6acd3b6e5d68/spring-core-6.1.5.jar:/Users/black/.gradle/caches/modules-2/files-2.1/org.antlr/antlr4-runtime/4.13.0/5a02e48521624faaf5ff4d99afc88b01686af655/antlr4-runtime-4.13.0.jar:/Users/black/.gradle/caches/modules-2/files-2.1/jakarta.annotation/jakarta.annotation-api/2.1.1/48b9bda22b091b1f48b13af03fe36db3be6e1ae3/jakarta.annotation-api-2.1.1.jar:/Users/black/.gradle/caches/modules-2/files-2.1/org.slf4j/slf4j-api/2.0.12/48f109a2a6d8f446c794f3e3fa0d86df0cdfa312/slf4j-api-2.0.12.jar:/Users/black/.gradle/caches/modules-2/files-2.1/com.fasterxml.jackson.datatype/jackson-datatype-jdk8/2.15.4/694777f182334a21bf1aeab1b04cc4398c801f3f/jackson-datatype-jdk8-2.15.4.jar:/Users/black/.gradle/caches/modules-2/files-2.1/com.fasterxml.jackson.module/jackson-module-parameter-names/2.15.4/e654497a08359db2521b69b5f710e00836915d8c/jackson-module-parameter-names-2.15.4.jar:/Users/black/.gradle/caches/modules-2/files-2.1/org.springframework.boot/spring-boot-autoconfigure/3.2.4/b3f481aff8f0775f44d78399c804a8c52d75b971/spring-boot-autoconfigure-3.2.4.jar:/Users/black/.gradle/caches/modules-2/files-2.1/org.springframework.boot/spring-boot/3.2.4/ccb7cbb30dcf1d91dbbf20a3219a457eead46601/spring-boot-3.2.4.jar:/Users/black/.gradle/caches/modules-2/files-2.1/org.springframework.boot/spring-boot-starter-logging/3.2.4/32616f4a33ec0fda0c54aaa67ab10dc78df3fd78/spring-boot-starter-logging-3.2.4.jar:/Users/black/.gradle/caches/modules-2/files-2.1/org.yaml/snakeyaml/2.2/3af797a25458550a16bf89acc8e4ab2b7f2bfce0/snakeyaml-2.2.jar:/Users/black/.gradle/caches/modules-2/files-2.1/org.apache.tomcat.embed/tomcat-embed-websocket/10.1.19/adf4710fac2471236f8a466ca678cdf7e6a8257c/tomcat-embed-websocket-10.1.19.jar:/Users/black/.gradle/caches/modules-2/files-2.1/org.apache.tomcat.embed/tomcat-embed-core/10.1.19/3dbbca8acbd4dd6a137c3d6f934a2931512b42ce/tomcat-embed-core-10.1.19.jar:/Users/black/.gradle/caches/modules-2/files-2.1/org.springframework/spring-expression/6.1.5/7e21cb1c6bbef1509e12d485b75ffc61278d9fa7/spring-expression-6.1.5.jar:/Users/black/.gradle/caches/modules-2/files-2.1/org.springframework.boot/spring-boot-actuator/3.2.4/9921454129e42a4c6806240885ed763eb874cd24/spring-boot-actuator-3.2.4.jar:/Users/black/.gradle/caches/modules-2/files-2.1/io.micrometer/micrometer-core/1.12.4/d5b91e2847de7c1213889c532789743eb2f96337/micrometer-core-1.12.4.jar:/Users/black/.gradle/caches/modules-2/files-2.1/io.micrometer/micrometer-commons/1.12.4/a57f10c78956b38087f97beae66cf14cb8b08d34/micrometer-commons-1.12.4.jar:/Users/black/.gradle/caches/modules-2/files-2.1/jakarta.validation/jakarta.validation-api/3.0.2/92b6631659ba35ca09e44874d3eb936edfeee532/jakarta.validation-api-3.0.2.jar:/Users/black/.gradle/caches/modules-2/files-2.1/org.jboss.logging/jboss-logging/3.5.3.Final/c88fc1d8a96d4c3491f55d4317458ccad53ca663/jboss-logging-3.5.3.Final.jar:/Users/black/.gradle/caches/modules-2/files-2.1/com.fasterxml/classmate/1.6.0/91affab6f84a2182fce5dd72a8d01bc14346dddd/classmate-1.6.0.jar:/Users/black/.gradle/caches/modules-2/files-2.1/org.thymeleaf/thymeleaf/3.1.2.RELEASE/273997509a4c7aef86cee0521750140c587d9be2/thymeleaf-3.1.2.RELEASE.jar:/Users/black/.gradle/caches/modules-2/files-2.1/org.jetbrains.kotlin/kotlin-stdlib-jdk8/1.9.23/557350a0941ddfe919fd2a30d996355bebc8a3a3/kotlin-stdlib-jdk8-1.9.23.jar:/Users/black/.gradle/caches/modules-2/files-2.1/org.springframework/spring-jcl/6.1.5/896ae3519327731589c6e77521656b50ae32d5b3/spring-jcl-6.1.5.jar:/Users/black/.gradle/caches/modules-2/files-2.1/ch.qos.logback/logback-classic/1.4.14/d98bc162275134cdf1518774da4a2a17ef6fb94d/logback-classic-1.4.14.jar:/Users/black/.gradle/caches/modules-2/files-2.1/org.apache.logging.log4j/log4j-to-slf4j/2.21.1/d77b2ba81711ed596cd797cc2b5b5bd7409d841c/log4j-to-slf4j-2.21.1.jar:/Users/black/.gradle/caches/modules-2/files-2.1/org.slf4j/jul-to-slf4j/2.0.12/eb5f48f782b41cc881b0bf1fb4d88ae2ff6d5b93/jul-to-slf4j-2.0.12.jar:/Users/black/.gradle/caches/modules-2/files-2.1/org.attoparser/attoparser/2.0.7.RELEASE/e5d0e988d9124139d645bb5872b24dfa23e283cc/attoparser-2.0.7.RELEASE.jar:/Users/black/.gradle/caches/modules-2/files-2.1/org.unbescape/unbescape/1.1.6.RELEASE/7b90360afb2b860e09e8347112800d12c12b2a13/unbescape-1.1.6.RELEASE.jar:/Users/black/.gradle/caches/modules-2/files-2.1/com.squareup.okio/okio-jvm/3.6.0/5600569133b7bdefe1daf9ec7f4abeb6d13e1786/okio-jvm-3.6.0.jar:/Users/black/.gradle/caches/modules-2/files-2.1/org.jetbrains.kotlin/kotlin-stdlib-jdk7/1.9.23/b8eca9abec56bee1d01c788e3d571114416ea56d/kotlin-stdlib-jdk7-1.9.23.jar:/Users/black/.gradle/caches/modules-2/files-2.1/org.jetbrains.kotlin/kotlin-stdlib/1.9.23/dbaadea1f5e68f790d242a91a38355a83ec38747/kotlin-stdlib-1.9.23.jar:/Users/black/.gradle/caches/modules-2/files-2.1/ch.qos.logback/logback-core/1.4.14/4d3c2248219ac0effeb380ed4c5280a80bf395e8/logback-core-1.4.14.jar:/Users/black/.gradle/caches/modules-2/files-2.1/org.apache.logging.log4j/log4j-api/2.21.1/74c65e87b9ce1694a01524e192d7be989ba70486/log4j-api-2.21.1.jar:/Users/black/.gradle/caches/modules-2/files-2.1/org.jetbrains/annotations/13.0/919f0dfe192fb4e063e7dacadee7f8bb9a2672a9/annotations-13.0.jar:/Users/black/.gradle/caches/modules-2/files-2.1/com.mysql/mysql-connector-j/8.3.0/1cc7fa5d61f4bbc113531a4ba6d85d41cf3d57e1/mysql-connector-j-8.3.0.jar:/Users/black/.gradle/caches/modules-2/files-2.1/org.hibernate.common/hibernate-commons-annotations/6.0.6.Final/77a5f94b56d49508e0ee334751db5b78e5ccd50c/hibernate-commons-annotations-6.0.6.Final.jar:/Users/black/.gradle/caches/modules-2/files-2.1/io.smallrye/jandex/3.1.2/a6c1c89925c7df06242b03dddb353116ceb9584c/jandex-3.1.2.jar:/Users/black/.gradle/caches/modules-2/files-2.1/net.bytebuddy/byte-buddy/1.14.12/6e37f743dc15a8d7a4feb3eb0025cbc612d5b9e1/byte-buddy-1.14.12.jar:/Users/black/.gradle/caches/modules-2/files-2.1/org.glassfish.jaxb/jaxb-runtime/4.0.5/ca84c2a7169b5293e232b9d00d1e4e36d4c3914a/jaxb-runtime-4.0.5.jar:/Users/black/.gradle/caches/modules-2/files-2.1/jakarta.xml.bind/jakarta.xml.bind-api/4.0.2/6cd5a999b834b63238005b7144136379dc36cad2/jakarta.xml.bind-api-4.0.2.jar:/Users/black/.gradle/caches/modules-2/files-2.1/jakarta.inject/jakarta.inject-api/2.0.1/4c28afe1991a941d7702fe1362c365f0a8641d1e/jakarta.inject-api-2.0.1.jar:/Users/black/.gradle/caches/modules-2/files-2.1/org.glassfish.jaxb/jaxb-core/4.0.5/7b4b11ea5542eea4ad55e1080b23be436795b3/jaxb-core-4.0.5.jar:/Users/black/.gradle/caches/modules-2/files-2.1/jakarta.activation/jakarta.activation-api/2.1.3/fa165bd70cda600368eee31555222776a46b881f/jakarta.activation-api-2.1.3.jar:/Users/black/.gradle/caches/modules-2/files-2.1/org.hdrhistogram/HdrHistogram/2.1.12/6eb7552156e0d517ae80cc2247be1427c8d90452/HdrHistogram-2.1.12.jar:/Users/black/.gradle/caches/modules-2/files-2.1/org.latencyutils/LatencyUtils/2.0.3/769c0b82cb2421c8256300e907298a9410a2a3d3/LatencyUtils-2.0.3.jar:/Users/black/.gradle/caches/modules-2/files-2.1/org.eclipse.angus/angus-activation/2.0.2/41f1e0ddd157c856926ed149ab837d110955a9fc/angus-activation-2.0.2.jar:/Users/black/.gradle/caches/modules-2/files-2.1/org.glassfish.jaxb/txw2/4.0.5/f36a4ef12120a9bb06d766d6a0e54b144fd7ed98/txw2-4.0.5.jar:/Users/black/.gradle/caches/modules-2/files-2.1/com.sun.istack/istack-commons-runtime/4.1.2/18ec117c85f3ba0ac65409136afa8e42bc74e739/istack-commons-runtime-4.1.2.jar:/Users/black/Applications/IntelliJ IDEA Ultimate 2024.1.1.app/Contents/lib/idea_rt.jar sw.sustainable.springlabs.SpringLabsApplication
Connected to the target VM, address: '127.0.0.1:54071', transport: 'socket'

  .   ____          _            __ _ _
 /\\ / ___'_ __ _ _(_)_ __  __ _ \ \ \ \
( ( )\___ | '_ | '_| | '_ \/ _` | \ \ \ \
 \\/  ___)| |_)| | | | | || (_| |  ) ) ) )
  '  |____| .__|_| |_|_| |_\__, | / / / /
 =========|_|==============|___/=/_/_/_/
 :: Spring Boot ::                (v3.2.4)

2024-06-29T23:43:32.828+09:00  INFO 67577 --- [spring-labs] [           main] s.s.springlabs.SpringLabsApplication     : Starting SpringLabsApplication using Java 21.0.3 with PID 67577 (/Users/black/IdeaProjects/jedi-spring-labs/build/classes/java/main started by black in /Users/black/IdeaProjects/jedi-spring-labs)
2024-06-29T23:43:32.829+09:00  INFO 67577 --- [spring-labs] [           main] s.s.springlabs.SpringLabsApplication     : The following 1 profile is active: "dev"
2024-06-29T23:43:33.314+09:00  INFO 67577 --- [spring-labs] [           main] .s.d.r.c.RepositoryConfigurationDelegate : Bootstrapping Spring Data JPA repositories in DEFAULT mode.
2024-06-29T23:43:33.348+09:00  INFO 67577 --- [spring-labs] [           main] .s.d.r.c.RepositoryConfigurationDelegate : Finished Spring Data repository scanning in 30 ms. Found 4 JPA repository interfaces.
2024-06-29T23:43:33.709+09:00  INFO 67577 --- [spring-labs] [           main] o.s.b.w.embedded.tomcat.TomcatWebServer  : Tomcat initialized with port 8080 (http)
2024-06-29T23:43:33.715+09:00  INFO 67577 --- [spring-labs] [           main] o.apache.catalina.core.StandardService   : Starting service [Tomcat]
2024-06-29T23:43:33.715+09:00  INFO 67577 --- [spring-labs] [           main] o.apache.catalina.core.StandardEngine    : Starting Servlet engine: [Apache Tomcat/10.1.19]
2024-06-29T23:43:33.736+09:00  INFO 67577 --- [spring-labs] [           main] o.a.c.c.C.[Tomcat].[localhost].[/]       : Initializing Spring embedded WebApplicationContext
2024-06-29T23:43:33.736+09:00  INFO 67577 --- [spring-labs] [           main] w.s.c.ServletWebServerApplicationContext : Root WebApplicationContext: initialization completed in 890 ms
2024-06-29T23:43:33.884+09:00  INFO 67577 --- [spring-labs] [           main] o.hibernate.jpa.internal.util.LogHelper  : HHH000204: Processing PersistenceUnitInfo [name: default]
2024-06-29T23:43:33.908+09:00  INFO 67577 --- [spring-labs] [           main] org.hibernate.Version                    : HHH000412: Hibernate ORM core version 6.4.4.Final
2024-06-29T23:43:33.923+09:00  INFO 67577 --- [spring-labs] [           main] o.h.c.internal.RegionFactoryInitiator    : HHH000026: Second-level cache disabled
2024-06-29T23:43:34.031+09:00  INFO 67577 --- [spring-labs] [           main] o.s.o.j.p.SpringPersistenceUnitInfo      : No LoadTimeWeaver setup: ignoring JPA class transformer
2024-06-29T23:43:34.044+09:00  INFO 67577 --- [spring-labs] [           main] com.zaxxer.hikari.HikariDataSource       : HikariPool-1 - Starting...
2024-06-29T23:43:34.270+09:00  INFO 67577 --- [spring-labs] [           main] com.zaxxer.hikari.pool.HikariPool        : HikariPool-1 - Added connection com.mysql.cj.jdbc.ConnectionImpl@2e4339c1
2024-06-29T23:43:34.271+09:00  INFO 67577 --- [spring-labs] [           main] com.zaxxer.hikari.HikariDataSource       : HikariPool-1 - Start completed.
2024-06-29T23:43:34.849+09:00  INFO 67577 --- [spring-labs] [           main] o.h.e.t.j.p.i.JtaPlatformInitiator       : HHH000489: No JTA platform available (set 'hibernate.transaction.jta.platform' to enable JTA platform integration)
2024-06-29T23:43:34.850+09:00  INFO 67577 --- [spring-labs] [           main] j.LocalContainerEntityManagerFactoryBean : Initialized JPA EntityManagerFactory for persistence unit 'default'
2024-06-29T23:43:34.858+09:00  INFO 67577 --- [spring-labs] [           main] s.s.s.f.i.o.pg.toss.TossApiClientConfig  : ApiClient Base URL: https://api.tosspayments.com/v1/
2024-06-29T23:43:34.858+09:00  INFO 67577 --- [spring-labs] [           main] s.s.s.f.i.o.pg.toss.TossApiClientConfig  : ApiClient Private Key: test_gsk_docs_OaPz8L5KdmQXkzRz3y47BMw6:
2024-06-29T23:43:34.859+09:00  INFO 67577 --- [spring-labs] [           main] s.s.s.f.i.o.pg.toss.TossApiClientConfig  : key: Basic dGVzdF9nc2tfZG9jc19PYVB6OEw1S2RtUVhrelJ6M3k0N0JNdzY6Og==
2024-06-29T23:43:35.084+09:00  INFO 67577 --- [spring-labs] [           main] s.s.s.f.infrastructure.config.AppConfig  : AppConfig name ::: jinho_dev
2024-06-29T23:43:35.084+09:00  INFO 67577 --- [spring-labs] [           main] s.s.s.f.infrastructure.config.AppConfig  : AppConfig age ::: 34
2024-06-29T23:43:35.168+09:00  WARN 67577 --- [spring-labs] [           main] JpaBaseConfiguration$JpaWebConfiguration : spring.jpa.open-in-view is enabled by default. Therefore, database queries may be performed during view rendering. Explicitly configure spring.jpa.open-in-view to disable this warning
2024-06-29T23:43:35.518+09:00  INFO 67577 --- [spring-labs] [           main] o.s.b.a.e.web.EndpointLinksResolver      : Exposing 1 endpoint(s) beneath base path '/actuator'
2024-06-29T23:43:35.559+09:00  INFO 67577 --- [spring-labs] [           main] o.s.b.w.embedded.tomcat.TomcatWebServer  : Tomcat started on port 8080 (http) with context path ''
2024-06-29T23:43:35.568+09:00  INFO 67577 --- [spring-labs] [           main] s.s.springlabs.SpringLabsApplication     : Started SpringLabsApplication in 2.923 seconds (process running for 3.223)
2024-06-29T23:43:36.125+09:00  INFO 67577 --- [spring-labs] [on(3)-127.0.0.1] o.a.c.c.C.[Tomcat].[localhost].[/]       : Initializing Spring DispatcherServlet 'dispatcherServlet'
2024-06-29T23:43:36.125+09:00  INFO 67577 --- [spring-labs] [on(3)-127.0.0.1] o.s.web.servlet.DispatcherServlet        : Initializing Servlet 'dispatcherServlet'
2024-06-29T23:43:36.126+09:00  INFO 67577 --- [spring-labs] [on(3)-127.0.0.1] o.s.web.servlet.DispatcherServlet        : Completed initialization in 0 ms
Hibernate:
    insert
    into
        purchase_order
        (name, payment_id, phone_number, order_state, total_price, order_id)
    values
        (?, ?, ?, ?, ?, ?)
2024-06-29T23:43:42.332+09:00 TRACE 67577 --- [spring-labs] [nio-8080-exec-1] org.hibernate.orm.jdbc.bind              : binding parameter (1:VARCHAR) <- [유진호]
2024-06-29T23:43:42.332+09:00 TRACE 67577 --- [spring-labs] [nio-8080-exec-1] org.hibernate.orm.jdbc.bind              : binding parameter (2:VARCHAR) <- []
2024-06-29T23:43:42.332+09:00 TRACE 67577 --- [spring-labs] [nio-8080-exec-1] org.hibernate.orm.jdbc.bind              : binding parameter (3:VARCHAR) <- [010-1234-1234]
2024-06-29T23:43:42.332+09:00 TRACE 67577 --- [spring-labs] [nio-8080-exec-1] org.hibernate.orm.jdbc.bind              : binding parameter (4:VARCHAR) <- [ORDER_COMPLETED]
2024-06-29T23:43:42.333+09:00 TRACE 67577 --- [spring-labs] [nio-8080-exec-1] org.hibernate.orm.jdbc.bind              : binding parameter (5:INTEGER) <- [0]
2024-06-29T23:43:42.333+09:00 TRACE 67577 --- [spring-labs] [nio-8080-exec-1] org.hibernate.orm.jdbc.bind              : binding parameter (6:BINARY) <- [c85cfbd1-9921-4283-9152-0871b47a9767]
Hibernate:
    insert
    into
        order_items
        (amount, item_idx, order_id, product_price, product_id, product_name, quantity, product_size, order_state)
    values
        (?, ?, ?, ?, ?, ?, ?, ?, ?)
2024-06-29T23:43:42.354+09:00 TRACE 67577 --- [spring-labs] [nio-8080-exec-1] org.hibernate.orm.jdbc.bind              : binding parameter (1:INTEGER) <- [0]
2024-06-29T23:43:42.355+09:00 TRACE 67577 --- [spring-labs] [nio-8080-exec-1] org.hibernate.orm.jdbc.bind              : binding parameter (2:INTEGER) <- [1]
2024-06-29T23:43:42.355+09:00 TRACE 67577 --- [spring-labs] [nio-8080-exec-1] org.hibernate.orm.jdbc.bind              : binding parameter (3:BINARY) <- [c85cfbd1-9921-4283-9152-0871b47a9767]
2024-06-29T23:43:42.355+09:00 TRACE 67577 --- [spring-labs] [nio-8080-exec-1] org.hibernate.orm.jdbc.bind              : binding parameter (4:INTEGER) <- [3400]
2024-06-29T23:43:42.355+09:00 TRACE 67577 --- [spring-labs] [nio-8080-exec-1] org.hibernate.orm.jdbc.bind              : binding parameter (5:BINARY) <- [949e5ee0-2eae-4857-a788-a026bc00dbeb]
2024-06-29T23:43:42.355+09:00 TRACE 67577 --- [spring-labs] [nio-8080-exec-1] org.hibernate.orm.jdbc.bind              : binding parameter (6:VARCHAR) <- [속이 편한 우유]
2024-06-29T23:43:42.355+09:00 TRACE 67577 --- [spring-labs] [nio-8080-exec-1] org.hibernate.orm.jdbc.bind              : binding parameter (7:INTEGER) <- [0]
2024-06-29T23:43:42.355+09:00 TRACE 67577 --- [spring-labs] [nio-8080-exec-1] org.hibernate.orm.jdbc.bind              : binding parameter (8:VARCHAR) <- [FREE]
2024-06-29T23:43:42.355+09:00 TRACE 67577 --- [spring-labs] [nio-8080-exec-1] org.hibernate.orm.jdbc.bind              : binding parameter (9:VARCHAR) <- [ORDER_COMPLETED]
2024-06-29T23:43:42.397+09:00  INFO 67577 --- [spring-labs] [nio-8080-exec-1] s.s.s.f.r.response.NewPurchaseOrder      : orderItems -> [sw.sustainable.springlabs.fpay.domain.order.OrderItem@1dad2c1a]
2024-06-29T23:43:42.403+09:00  INFO 67577 --- [spring-labs] [nio-8080-exec-1] s.s.s.f.i.common.ResponseWrapper         : execute AOP - supports
2024-06-29T23:43:42.403+09:00  INFO 67577 --- [spring-labs] [nio-8080-exec-1] s.s.s.f.i.common.ResponseWrapper         : execute AOP - returnType :: method 'newOrder' parameter -1
2024-06-29T23:43:42.403+09:00  INFO 67577 --- [spring-labs] [nio-8080-exec-1] s.s.s.f.i.common.ResponseWrapper         : execute AOP - converterType :: class org.springframework.http.converter.json.MappingJackson2HttpMessageConverter
2024-06-29T23:43:42.403+09:00  INFO 67577 --- [spring-labs] [nio-8080-exec-1] s.s.s.f.i.common.ResponseWrapper         : execute AOP - beforeBodyWrite
Hibernate:
    select
        o1_0.order_id,
        o1_0.name,
        o1_0.payment_id,
        o1_0.phone_number,
        o1_0.order_state,
        o1_0.total_price
    from
        purchase_order o1_0
    where
        o1_0.order_id=?
2024-06-29T23:44:22.305+09:00 TRACE 67577 --- [spring-labs] [io-8080-exec-10] org.hibernate.orm.jdbc.bind              : binding parameter (1:BINARY) <- [c85cfbd1-9921-4283-9152-0871b47a9767]
Hibernate:
    select
        i1_0.order_id,
        i1_0.id,
        i1_0.amount,
        i1_0.item_idx,
        i1_0.product_price,
        i1_0.product_id,
        i1_0.product_name,
        i1_0.quantity,
        i1_0.product_size,
        i1_0.order_state
    from
        order_items i1_0
    where
        i1_0.order_id=?
2024-06-29T23:44:23.088+09:00 TRACE 67577 --- [spring-labs] [io-8080-exec-10] org.hibernate.orm.jdbc.bind              : binding parameter (1:BINARY) <- [c85cfbd1-9921-4283-9152-0871b47a9767]
Hibernate:
    insert
    into
        payment_transaction
        (balance_amount, canceled_amount, method, payment_id, payment_status, total_amount)
    values
        (?, ?, ?, ?, ?, ?)
2024-06-29T23:44:25.435+09:00 TRACE 67577 --- [spring-labs] [io-8080-exec-10] org.hibernate.orm.jdbc.bind              : binding parameter (1:INTEGER) <- [3400]
2024-06-29T23:44:25.436+09:00 TRACE 67577 --- [spring-labs] [io-8080-exec-10] org.hibernate.orm.jdbc.bind              : binding parameter (2:INTEGER) <- [0]
2024-06-29T23:44:25.437+09:00 TRACE 67577 --- [spring-labs] [io-8080-exec-10] org.hibernate.orm.jdbc.bind              : binding parameter (3:VARCHAR) <- [카드]
2024-06-29T23:44:25.438+09:00 TRACE 67577 --- [spring-labs] [io-8080-exec-10] org.hibernate.orm.jdbc.bind              : binding parameter (4:VARCHAR) <- [tgen_20240629234404ZaS42]
2024-06-29T23:44:25.439+09:00 TRACE 67577 --- [spring-labs] [io-8080-exec-10] org.hibernate.orm.jdbc.bind              : binding parameter (5:VARCHAR) <- [DONE]
2024-06-29T23:44:25.440+09:00 TRACE 67577 --- [spring-labs] [io-8080-exec-10] org.hibernate.orm.jdbc.bind              : binding parameter (6:INTEGER) <- [3400]
Hibernate:
    select
        cp1_0.payment_key,
        cp1_0.acquire_status,
        cp1_0.acquirer_code,
        cp1_0.acquirer_status,
        cp1_0.approve_no,
        cp1_0.card_number,
        cp1_0.issuer_code
    from
        card_payment cp1_0
    where
        cp1_0.payment_key=?
2024-06-29T23:44:25.490+09:00 TRACE 67577 --- [spring-labs] [io-8080-exec-10] org.hibernate.orm.jdbc.bind              : binding parameter (1:VARCHAR) <- [tgen_20240629234404ZaS42]
Hibernate:
    insert
    into
        card_payment
        (acquire_status, acquirer_code, acquirer_status, approve_no, card_number, issuer_code, payment_key)
    values
        (?, ?, ?, ?, ?, ?, ?)
2024-06-29T23:44:25.510+09:00 TRACE 67577 --- [spring-labs] [io-8080-exec-10] org.hibernate.orm.jdbc.bind              : binding parameter (1:VARCHAR) <- [READY]
2024-06-29T23:44:25.511+09:00 TRACE 67577 --- [spring-labs] [io-8080-exec-10] org.hibernate.orm.jdbc.bind              : binding parameter (2:VARCHAR) <- [41]
2024-06-29T23:44:25.511+09:00 TRACE 67577 --- [spring-labs] [io-8080-exec-10] org.hibernate.orm.jdbc.bind              : binding parameter (3:VARCHAR) <- [READY]
2024-06-29T23:44:25.511+09:00 TRACE 67577 --- [spring-labs] [io-8080-exec-10] org.hibernate.orm.jdbc.bind              : binding parameter (4:VARCHAR) <- [00000000]
2024-06-29T23:44:25.511+09:00 TRACE 67577 --- [spring-labs] [io-8080-exec-10] org.hibernate.orm.jdbc.bind              : binding parameter (5:VARCHAR) <- [54287966****112*]
2024-06-29T23:44:25.511+09:00 TRACE 67577 --- [spring-labs] [io-8080-exec-10] org.hibernate.orm.jdbc.bind              : binding parameter (6:VARCHAR) <- [null]
2024-06-29T23:44:25.511+09:00 TRACE 67577 --- [spring-labs] [io-8080-exec-10] org.hibernate.orm.jdbc.bind              : binding parameter (7:VARCHAR) <- [tgen_20240629234404ZaS42]
Hibernate:
    update
        purchase_order
    set
        name=?,
        payment_id=?,
        phone_number=?,
        order_state=?,
        total_price=?
    where
        order_id=?
2024-06-29T23:44:25.522+09:00 TRACE 67577 --- [spring-labs] [io-8080-exec-10] org.hibernate.orm.jdbc.bind              : binding parameter (1:VARCHAR) <- [유진호]
2024-06-29T23:44:25.522+09:00 TRACE 67577 --- [spring-labs] [io-8080-exec-10] org.hibernate.orm.jdbc.bind              : binding parameter (2:VARCHAR) <- [tgen_20240629234404ZaS42]
2024-06-29T23:44:25.522+09:00 TRACE 67577 --- [spring-labs] [io-8080-exec-10] org.hibernate.orm.jdbc.bind              : binding parameter (3:VARCHAR) <- [010-1234-1234]
2024-06-29T23:44:25.522+09:00 TRACE 67577 --- [spring-labs] [io-8080-exec-10] org.hibernate.orm.jdbc.bind              : binding parameter (4:VARCHAR) <- [PAYMENT_FULLFILL]
2024-06-29T23:44:25.522+09:00 TRACE 67577 --- [spring-labs] [io-8080-exec-10] org.hibernate.orm.jdbc.bind              : binding parameter (5:INTEGER) <- [0]
2024-06-29T23:44:25.522+09:00 TRACE 67577 --- [spring-labs] [io-8080-exec-10] org.hibernate.orm.jdbc.bind              : binding parameter (6:BINARY) <- [c85cfbd1-9921-4283-9152-0871b47a9767]
Hibernate:
    update
        order_items
    set
        amount=?,
        item_idx=?,
        order_id=?,
        product_price=?,
        product_id=?,
        product_name=?,
        quantity=?,
        product_size=?,
        order_state=?
    where
        id=?
2024-06-29T23:44:25.549+09:00 TRACE 67577 --- [spring-labs] [io-8080-exec-10] org.hibernate.orm.jdbc.bind              : binding parameter (1:INTEGER) <- [0]
2024-06-29T23:44:25.550+09:00 TRACE 67577 --- [spring-labs] [io-8080-exec-10] org.hibernate.orm.jdbc.bind              : binding parameter (2:INTEGER) <- [1]
2024-06-29T23:44:25.550+09:00 TRACE 67577 --- [spring-labs] [io-8080-exec-10] org.hibernate.orm.jdbc.bind              : binding parameter (3:BINARY) <- [c85cfbd1-9921-4283-9152-0871b47a9767]
2024-06-29T23:44:25.550+09:00 TRACE 67577 --- [spring-labs] [io-8080-exec-10] org.hibernate.orm.jdbc.bind              : binding parameter (4:INTEGER) <- [3400]
2024-06-29T23:44:25.550+09:00 TRACE 67577 --- [spring-labs] [io-8080-exec-10] org.hibernate.orm.jdbc.bind              : binding parameter (5:BINARY) <- [949e5ee0-2eae-4857-a788-a026bc00dbeb]
2024-06-29T23:44:25.550+09:00 TRACE 67577 --- [spring-labs] [io-8080-exec-10] org.hibernate.orm.jdbc.bind              : binding parameter (6:VARCHAR) <- [속이 편한 우유]
2024-06-29T23:44:25.550+09:00 TRACE 67577 --- [spring-labs] [io-8080-exec-10] org.hibernate.orm.jdbc.bind              : binding parameter (7:INTEGER) <- [0]
2024-06-29T23:44:25.550+09:00 TRACE 67577 --- [spring-labs] [io-8080-exec-10] org.hibernate.orm.jdbc.bind              : binding parameter (8:VARCHAR) <- [FREE]
2024-06-29T23:44:25.550+09:00 TRACE 67577 --- [spring-labs] [io-8080-exec-10] org.hibernate.orm.jdbc.bind              : binding parameter (9:VARCHAR) <- [PAYMENT_FULLFILL]
2024-06-29T23:44:25.550+09:00 TRACE 67577 --- [spring-labs] [io-8080-exec-10] org.hibernate.orm.jdbc.bind              : binding parameter (10:INTEGER) <- [7]
